2022-03-05 18:39:26 [scrapy.utils.log] INFO: Scrapy 2.5.1 started (bot: scrapy_07_log)
2022-03-05 18:39:26 [scrapy.utils.log] INFO: Versions: lxml 4.6.5.0, libxml2 2.9.5, cssselect 1.1.0, parsel 1.6.0, w3lib 1.22.0, Twisted 22.1.0, Python 3.10.1 (tags/v3.10.1:2cd268a, Dec  6 2021, 19:10:37) [MSC v.1929 64 bit (AMD64)], pyOpenSSL 22.0.0 (OpenSSL 1.1.1m  14 Dec 2021), cryptography 36.0.1, Platform Windows-10-10.0.19043-SP0
2022-03-05 18:39:26 [scrapy.utils.log] DEBUG: Using reactor: twisted.internet.selectreactor.SelectReactor
2022-03-05 18:39:26 [scrapy.crawler] INFO: Overridden settings:
{'BOT_NAME': 'scrapy_07_log',
 'LOG_FILE': 'log_demo.log',
 'NEWSPIDER_MODULE': 'scrapy_07_log.spiders',
 'SPIDER_MODULES': ['scrapy_07_log.spiders']}
2022-03-05 18:39:26 [scrapy.extensions.telnet] INFO: Telnet Password: 1efe8b995e0d50a4
2022-03-05 18:39:26 [scrapy.middleware] INFO: Enabled extensions:
['scrapy.extensions.corestats.CoreStats',
 'scrapy.extensions.telnet.TelnetConsole',
 'scrapy.extensions.logstats.LogStats']
2022-03-05 18:39:26 [scrapy.middleware] INFO: Enabled downloader middlewares:
['scrapy.downloadermiddlewares.httpauth.HttpAuthMiddleware',
 'scrapy.downloadermiddlewares.downloadtimeout.DownloadTimeoutMiddleware',
 'scrapy.downloadermiddlewares.defaultheaders.DefaultHeadersMiddleware',
 'scrapy.downloadermiddlewares.useragent.UserAgentMiddleware',
 'scrapy.downloadermiddlewares.retry.RetryMiddleware',
 'scrapy.downloadermiddlewares.redirect.MetaRefreshMiddleware',
 'scrapy.downloadermiddlewares.httpcompression.HttpCompressionMiddleware',
 'scrapy.downloadermiddlewares.redirect.RedirectMiddleware',
 'scrapy.downloadermiddlewares.cookies.CookiesMiddleware',
 'scrapy.downloadermiddlewares.httpproxy.HttpProxyMiddleware',
 'scrapy.downloadermiddlewares.stats.DownloaderStats']
2022-03-05 18:39:26 [scrapy.middleware] INFO: Enabled spider middlewares:
['scrapy.spidermiddlewares.httperror.HttpErrorMiddleware',
 'scrapy.spidermiddlewares.offsite.OffsiteMiddleware',
 'scrapy.spidermiddlewares.referer.RefererMiddleware',
 'scrapy.spidermiddlewares.urllength.UrlLengthMiddleware',
 'scrapy.spidermiddlewares.depth.DepthMiddleware']
2022-03-05 18:39:26 [scrapy.middleware] INFO: Enabled item pipelines:
[]
2022-03-05 18:39:26 [scrapy.core.engine] INFO: Spider opened
2022-03-05 18:39:26 [scrapy.extensions.logstats] INFO: Crawled 0 pages (at 0 pages/min), scraped 0 items (at 0 items/min)
2022-03-05 18:39:26 [scrapy.extensions.telnet] INFO: Telnet console listening on 127.0.0.1:6023
2022-03-05 18:39:27 [scrapy.core.engine] DEBUG: Crawled (200) <GET http://www.baidu.com/> (referer: None)
2022-03-05 18:39:27 [scrapy.core.engine] INFO: Closing spider (finished)
2022-03-05 18:39:27 [scrapy.statscollectors] INFO: Dumping Scrapy stats:
{'downloader/request_bytes': 213,
 'downloader/request_count': 1,
 'downloader/request_method_count/GET': 1,
 'downloader/response_bytes': 1476,
 'downloader/response_count': 1,
 'downloader/response_status_count/200': 1,
 'elapsed_time_seconds': 0.15749,
 'finish_reason': 'finished',
 'finish_time': datetime.datetime(2022, 3, 5, 10, 39, 27, 116846),
 'httpcompression/response_bytes': 2381,
 'httpcompression/response_count': 1,
 'log_count/DEBUG': 1,
 'log_count/INFO': 10,
 'response_received_count': 1,
 'scheduler/dequeued': 1,
 'scheduler/dequeued/memory': 1,
 'scheduler/enqueued': 1,
 'scheduler/enqueued/memory': 1,
 'start_time': datetime.datetime(2022, 3, 5, 10, 39, 26, 959356)}
2022-03-05 18:39:27 [scrapy.core.engine] INFO: Spider closed (finished)
